<?xml version="1.0" encoding="UTF-8"?>
<!-- Generated by org.testng.reporters.JUnitReportReporter -->
<testsuite skipped="0" hostname="mergertestings" name="MavenDemo.mavendemo.App" tests="1" failures="0" timestamp="03 May 2017 09:56:53 GMT" time="0.018" errors="0">
  <testcase name="test" time="0.018" classname="MavenDemo.mavendemo.App"/>
</testsuite> <!-- MavenDemo.mavendemo.App -->
